#
# There is insufficient memory for the Java Runtime Environment to continue.
# Native memory allocation (malloc) failed to allocate 375056 bytes. Error detail: Chunk::new
# Possible reasons:
#   The system is out of physical RAM or swap space
#   This process is running with CompressedOops enabled, and the Java Heap may be blocking the growth of the native heap
# Possible solutions:
#   Reduce memory load on the system
#   Increase physical memory or swap space
#   Check if swap backing store is full
#   Decrease Java heap size (-Xmx/-Xms)
#   Decrease number of Java threads
#   Decrease Java thread stack sizes (-Xss)
#   Set larger code cache with -XX:ReservedCodeCacheSize=
#   JVM is running with Zero Based Compressed Oops mode in which the Java heap is
#     placed in the first 32GB address space. The Java Heap base address is the
#     maximum limit for the native heap growth. Please use -XX:HeapBaseMinAddress
#     to set the Java Heap base and to place the Java Heap above 32GB virtual address.
# This output file may be truncated or incomplete.
#
#  Out of Memory Error (arena.cpp:168), pid=9768, tid=5196
#
# JRE version: OpenJDK Runtime Environment (21.0.8) (build 21.0.8+-14196175-b1038.72)
# Java VM: OpenJDK 64-Bit Server VM (21.0.8+-14196175-b1038.72, mixed mode, tiered, compressed oops, compressed class ptrs, g1 gc, windows-amd64)
# No core dump will be written. Minidumps are not enabled by default on client versions of Windows
#

---------------  S U M M A R Y ------------

Command Line: -Dapplication.home=D:\Android\jbr --add-modules=ALL-DEFAULT -Xms8m -Djdk.module.main=jdk.compiler jdk.compiler/com.sun.tools.javac.Main --system=none --patch-module=java.base=D:\android_sdk\platforms\android-35\core-for-system-modules.jar -d C:\Users\Shivam Ujala\.gradle\caches\9.1.0\transforms\16882b6daeb6d208bb79660dee2fdeeb\workspace\transformed\output\temp C:\Users\Shivam Ujala\.gradle\caches\9.1.0\transforms\16882b6daeb6d208bb79660dee2fdeeb\workspace\transformed\output\temp\module-info.java

Host: AMD Ryzen 5 5600H with Radeon Graphics         , 12 cores, 15G,  Windows 11 , 64 bit Build 26100 (10.0.26100.7623)
Time: Fri Feb  6 20:57:29 2026 India Standard Time elapsed time: 0.781171 seconds (0d 0h 0m 0s)

---------------  T H R E A D  ---------------

Current thread (0x0000015461afbe20):  JavaThread "C2 CompilerThread0" daemon [_thread_in_native, id=5196, stack(0x00000031ee600000,0x00000031ee700000) (1024K)]


Current CompileTask:
C2:781 1192       4       java.util.regex.Pattern::compile (537 bytes)

Stack: [0x00000031ee600000,0x00000031ee700000]
Native frames: (J=compiled Java code, j=interpreted, Vv=VM code, C=native code)
V  [jvm.dll+0x6d68d9]
V  [jvm.dll+0x866693]
V  [jvm.dll+0x868c4e]
V  [jvm.dll+0x869333]
V  [jvm.dll+0x280566]
V  [jvm.dll+0xc07cd]
V  [jvm.dll+0xc0d03]
V  [jvm.dll+0x3b95e1]
V  [jvm.dll+0x385507]
V  [jvm.dll+0x38497a]
V  [jvm.dll+0x249252]
V  [jvm.dll+0x248821]
V  [jvm.dll+0x1c73a4]
V  [jvm.dll+0x257f9e]
V  [jvm.dll+0x2564e6]
V  [jvm.dll+0x3f4696]
V  [jvm.dll+0x80eac8]
V  [jvm.dll+0x6d512d]
C  [ucrtbase.dll+0x37b0]
C  [KERNEL32.DLL+0x2e8d7]
C  [ntdll.dll+0x8c53c]


---------------  P R O C E S S  ---------------

Threads class SMR info:
_java_thread_list=0x00000154666e06d0, length=12, elements={
0x00000154454f4d50, 0x0000015461ab8070, 0x000001546198b8a0, 0x000001546198dbb0,
0x0000015461af7080, 0x0000015461af7ae0, 0x0000015461af8540, 0x0000015461af8fa0,
0x0000015461afbe20, 0x0000015461b03490, 0x0000015461da6eb0, 0x0000015461b01950
}

Java Threads: ( => current thread )
  0x00000154454f4d50 JavaThread "main"                              [_thread_in_vm, id=15120, stack(0x00000031ed700000,0x00000031ed800000) (1024K)]
  0x0000015461ab8070 JavaThread "Common-Cleaner"             daemon [_thread_blocked, id=20740, stack(0x00000031edf00000,0x00000031ee000000) (1024K)]
  0x000001546198b8a0 JavaThread "Reference Handler"          daemon [_thread_blocked, id=14468, stack(0x00000031ee000000,0x00000031ee100000) (1024K)]
  0x000001546198dbb0 JavaThread "Finalizer"                  daemon [_thread_blocked, id=19968, stack(0x00000031ee100000,0x00000031ee200000) (1024K)]
  0x0000015461af7080 JavaThread "Signal Dispatcher"          daemon [_thread_blocked, id=7588, stack(0x00000031ee200000,0x00000031ee300000) (1024K)]
  0x0000015461af7ae0 JavaThread "Attach Listener"            daemon [_thread_blocked, id=2964, stack(0x00000031ee300000,0x00000031ee400000) (1024K)]
  0x0000015461af8540 JavaThread "Service Thread"             daemon [_thread_blocked, id=14672, stack(0x00000031ee400000,0x00000031ee500000) (1024K)]
  0x0000015461af8fa0 JavaThread "Monitor Deflation Thread"   daemon [_thread_blocked, id=18748, stack(0x00000031ee500000,0x00000031ee600000) (1024K)]
=>0x0000015461afbe20 JavaThread "C2 CompilerThread0"         daemon [_thread_in_native, id=5196, stack(0x00000031ee600000,0x00000031ee700000) (1024K)]
  0x0000015461b03490 JavaThread "C1 CompilerThread0"         daemon [_thread_blocked, id=12796, stack(0x00000031ee700000,0x00000031ee800000) (1024K)]
  0x0000015461da6eb0 JavaThread "Notification Thread"        daemon [_thread_blocked, id=19472, stack(0x00000031ee800000,0x00000031ee900000) (1024K)]
  0x0000015461b01950 JavaThread "C2 CompilerThread1"         daemon [_thread_in_native, id=10380, stack(0x00000031eef00000,0x00000031ef000000) (1024K)]
Total: 12

Other Threads:
  0x00000154619177c0 VMThread "VM Thread"                           [id=19192, stack(0x00000031ede00000,0x00000031edf00000) (1024K)]
  0x00000154618ad220 WatcherThread "VM Periodic Task Thread"        [id=6140, stack(0x00000031edd00000,0x00000031ede00000) (1024K)]
  0x00000154479ecb60 WorkerThread "GC Thread#0"                     [id=19820, stack(0x00000031ed800000,0x00000031ed900000) (1024K)]
  0x0000015461ddb520 WorkerThread "GC Thread#1"                     [id=21152, stack(0x00000031ee900000,0x00000031eea00000) (1024K)]
  0x0000015461df1700 WorkerThread "GC Thread#2"                     [id=5808, stack(0x00000031eea00000,0x00000031eeb00000) (1024K)]
  0x0000015461e921e0 WorkerThread "GC Thread#3"                     [id=12756, stack(0x00000031eeb00000,0x00000031eec00000) (1024K)]
  0x000001546635dd50 WorkerThread "GC Thread#4"                     [id=3096, stack(0x00000031eec00000,0x00000031eed00000) (1024K)]
  0x0000015466544b10 WorkerThread "GC Thread#5"                     [id=17804, stack(0x00000031eed00000,0x00000031eee00000) (1024K)]
  0x00000154667e2d40 WorkerThread "GC Thread#6"                     [id=21432, stack(0x00000031eee00000,0x00000031eef00000) (1024K)]
  0x00000154479fde10 ConcurrentGCThread "G1 Main Marker"            [id=15384, stack(0x00000031ed900000,0x00000031eda00000) (1024K)]
  0x0000015447a00ed0 WorkerThread "G1 Conc#0"                       [id=2728, stack(0x00000031eda00000,0x00000031edb00000) (1024K)]
  0x0000015447a36260 ConcurrentGCThread "G1 Refine#0"               [id=10536, stack(0x00000031edb00000,0x00000031edc00000) (1024K)]
  0x0000015447a37a90 ConcurrentGCThread "G1 Service"                [id=10304, stack(0x00000031edc00000,0x00000031edd00000) (1024K)]
Total: 13

Threads with active compile tasks:
C2 CompilerThread0  801 1192       4       java.util.regex.Pattern::compile (537 bytes)
C2 CompilerThread1  801 1230       4       jdk.nio.zipfs.ZipPath::getFileName (5 bytes)
Total: 2

VM state: not at safepoint (normal execution)

VM Mutex/Monitor currently owned by a thread: None

Heap address: 0x000000070a800000, size: 3928 MB, Compressed Oops mode: Zero based, Oop shift amount: 3

CDS archive(s) not mapped
Compressed class space mapped at: 0x0000000800000000-0x0000000840000000, reserved size: 1073741824
Narrow klass base: 0x0000000800000000, Narrow klass shift: 0, Narrow klass range: 0x40000000

GC Precious Log:
 CardTable entry size: 512
 Card Set container configuration: InlinePtr #cards 4 size 8 Array Of Cards #cards 16 size 48 Howl #buckets 8 coarsen threshold 3686 Howl Bitmap #cards 512 size 80 coarsen threshold 460 Card regions per heap region 1 cards per card region 4096
 CPUs: 12 total, 12 available
 Memory: 15710M
 Large Page Support: Disabled
 NUMA Support: Disabled
 Compressed Oops: Enabled (Zero based)
 Heap Region Size: 2M
 Heap Min Capacity: 8M
 Heap Initial Capacity: 8M
 Heap Max Capacity: 3928M
 Pre-touch: Disabled
 Parallel Workers: 10
 Concurrent Workers: 3
 Concurrent Refinement Workers: 10
 Periodic GC: Disabled

Heap:
 garbage-first heap   total 18432K, used 4431K [0x000000070a800000, 0x0000000800000000)
  region size 2048K, 2 young (4096K), 1 survivors (2048K)
 Metaspace       used 16444K, committed 16640K, reserved 1114112K
  class space    used 1785K, committed 1856K, reserved 1048576K

Heap Regions: E=young(eden), S=young(survivor), O=old, HS=humongous(starts), HC=humongous(continues), CS=collection set, F=free, TAMS=top-at-mark-start, PB=parsable bottom
|   0|0x000000070a800000, 0x000000070aa00000, 0x000000070aa00000|100%| O|  |TAMS 0x000000070a800000| PB 0x000000070a800000| Untracked 
|   1|0x000000070aa00000, 0x000000070ab48360, 0x000000070ac00000| 64%| O|  |TAMS 0x000000070aa00000| PB 0x000000070aa00000| Untracked 
|   2|0x000000070ac00000, 0x000000070ac00000, 0x000000070ae00000|  0%| F|  |TAMS 0x000000070ac00000| PB 0x000000070ac00000| Untracked 
|   3|0x000000070ae00000, 0x000000070af0b8a0, 0x000000070b000000| 52%| S|CS|TAMS 0x000000070ae00000| PB 0x000000070ae00000| Complete 
|   4|0x000000070b000000, 0x000000070b000000, 0x000000070b200000|  0%| F|  |TAMS 0x000000070b000000| PB 0x000000070b000000| Untracked 
|   5|0x000000070b200000, 0x000000070b200000, 0x000000070b400000|  0%| F|  |TAMS 0x000000070b200000| PB 0x000000070b200000| Untracked 
|   6|0x000000070b400000, 0x000000070b400000, 0x000000070b600000|  0%| F|  |TAMS 0x000000070b400000| PB 0x000000070b400000| Untracked 
|   7|0x000000070b600000, 0x000000070b600000, 0x000000070b800000|  0%| F|  |TAMS 0x000000070b600000| PB 0x000000070b600000| Untracked 
|   8|0x000000070b800000, 0x000000070b870048, 0x000000070ba00000| 21%| E|  |TAMS 0x000000070b800000| PB 0x000000070b800000| Complete 

Card table byte_map: [0x000001545a7e0000,0x000001545af90000] _byte_map_base: 0x0000015456f8c000

Marking Bits: (CMBitMap*) 0x00000154479ed170
 Bits: [0x000001545af90000, 0x000001545ecf0000)

Polling page: 0x00000154457a0000

Metaspace:

Usage:
  Non-class:     14.34 MB used.
      Class:      1.74 MB used.
       Both:     16.09 MB used.

Virtual space:
  Non-class space:       64.00 MB reserved,      14.44 MB ( 23%) committed,  1 nodes.
      Class space:        1.00 GB reserved,       1.81 MB ( <1%) committed,  1 nodes.
             Both:        1.06 GB reserved,      16.25 MB (  1%) committed. 

Chunk freelists:
   Non-Class:  720.00 KB
       Class:  14.09 MB
        Both:  14.80 MB

MaxMetaspaceSize: unlimited
CompressedClassSpaceSize: 1.00 GB
Initial GC threshold: 21.00 MB
Current GC threshold: 21.00 MB
CDS: off
 - commit_granule_bytes: 65536.
 - commit_granule_words: 8192.
 - virtual_space_node_default_size: 8388608.
 - enlarge_chunks_in_place: 1.
 - use_allocation_guard: 0.


Internal statistics:

num_allocs_failed_limit: 0.
num_arena_births: 48.
num_arena_deaths: 0.
num_vsnodes_births: 2.
num_vsnodes_deaths: 0.
num_space_committed: 260.
num_space_uncommitted: 0.
num_chunks_returned_to_freelist: 0.
num_chunks_taken_from_freelist: 342.
num_chunk_merges: 0.
num_chunk_splits: 247.
num_chunks_enlarged: 196.
num_inconsistent_stats: 0.

CodeHeap 'non-profiled nmethods': size=120000Kb used=354Kb max_used=354Kb free=119646Kb
 bounds [0x00000154525b0000, 0x0000015452820000, 0x0000015459ae0000]
CodeHeap 'profiled nmethods': size=120000Kb used=2212Kb max_used=2212Kb free=117787Kb
 bounds [0x000001544aae0000, 0x000001544ad50000, 0x0000015452010000]
CodeHeap 'non-nmethods': size=5760Kb used=1342Kb max_used=1371Kb free=4417Kb
 bounds [0x0000015452010000, 0x0000015452280000, 0x00000154525b0000]
CodeCache: size=245760Kb, used=3908Kb, max_used=3937Kb, free=241850Kb
 total_blobs=1697, nmethods=1232, adapters=370, full_count=0
Compilation: enabled, stopped_count=0, restarted_count=0

Compilation events (20 events):
Event: 0.771 Thread 0x0000015461b01950 1208       4       java.util.regex.Pattern::atom (422 bytes)
Event: 0.772 Thread 0x0000015461b03490 nmethod 1210 0x000001544acfb390 code [0x000001544acfb6e0, 0x000001544acfcb38]
Event: 0.772 Thread 0x0000015461b03490 1212       3       com.sun.tools.javac.util.ListBuffer::<init> (9 bytes)
Event: 0.772 Thread 0x0000015461b03490 nmethod 1212 0x000001544acfd410 code [0x000001544acfd5e0, 0x000001544acfd970]
Event: 0.772 Thread 0x0000015461b03490 1211       3       java.lang.System$2::getEnumConstantsShared (8 bytes)
Event: 0.772 Thread 0x0000015461b03490 nmethod 1211 0x000001544acfdb10 code [0x000001544acfdcc0, 0x000001544acfdef8]
Event: 0.773 Thread 0x0000015461b03490 1215       3       java.util.EnumSet::noneOf (63 bytes)
Event: 0.773 Thread 0x0000015461b03490 nmethod 1215 0x000001544acfe010 code [0x000001544acfe320, 0x000001544acff470]
Event: 0.773 Thread 0x0000015461b03490 1216       3       java.util.EnumSet::getUniverse (10 bytes)
Event: 0.774 Thread 0x0000015461b03490 nmethod 1216 0x000001544acffa90 code [0x000001544acffc60, 0x000001544acfff78]
Event: 0.774 Thread 0x0000015461b03490 1217       3       java.util.EnumSet::<init> (15 bytes)
Event: 0.774 Thread 0x0000015461b03490 nmethod 1217 0x000001544ad00110 code [0x000001544ad002c0, 0x000001544ad005a8]
Event: 0.777 Thread 0x0000015461b03490 1218       3       jdk.internal.misc.VM::isBooted (13 bytes)
Event: 0.777 Thread 0x0000015461b03490 nmethod 1218 0x000001544ad00690 code [0x000001544ad00820, 0x000001544ad00970]
Event: 0.777 Thread 0x0000015461b03490 1219       3       java.util.HashMap::afterNodeAccess (1 bytes)
Event: 0.777 Thread 0x0000015461b03490 nmethod 1219 0x000001544ad00a10 code [0x000001544ad00ba0, 0x000001544ad00ca8]
Event: 0.778 Thread 0x0000015461b03490 1220       3       com.sun.tools.javac.util.ListBuffer::nonEmpty (13 bytes)
Event: 0.779 Thread 0x0000015461b03490 nmethod 1220 0x000001544ad00d10 code [0x000001544ad00ea0, 0x000001544ad01000]
Event: 0.779 Thread 0x0000015461b03490 1221       3       java.lang.AbstractStringBuilder::appendChars (207 bytes)
Event: 0.780 Thread 0x0000015461b03490 nmethod 1221 0x000001544ad01090 code [0x000001544ad01340, 0x000001544ad02298]

GC Heap History (20 events):
Event: 0.174 GC heap before
{Heap before GC invocations=0 (full 0):
 garbage-first heap   total 8192K, used 2048K [0x000000070a800000, 0x0000000800000000)
  region size 2048K, 1 young (2048K), 0 survivors (0K)
 Metaspace       used 6535K, committed 6656K, reserved 1114112K
  class space    used 608K, committed 704K, reserved 1048576K
}
Event: 0.176 GC heap after
{Heap after GC invocations=1 (full 0):
 garbage-first heap   total 8192K, used 800K [0x000000070a800000, 0x0000000800000000)
  region size 2048K, 1 young (2048K), 1 survivors (2048K)
 Metaspace       used 6535K, committed 6656K, reserved 1114112K
  class space    used 608K, committed 704K, reserved 1048576K
}
Event: 0.230 GC heap before
{Heap before GC invocations=1 (full 0):
 garbage-first heap   total 8192K, used 2848K [0x000000070a800000, 0x0000000800000000)
  region size 2048K, 2 young (4096K), 1 survivors (2048K)
 Metaspace       used 7568K, committed 7744K, reserved 1114112K
  class space    used 731K, committed 832K, reserved 1048576K
}
Event: 0.232 GC heap after
{Heap after GC invocations=2 (full 0):
 garbage-first heap   total 8192K, used 914K [0x000000070a800000, 0x0000000800000000)
  region size 2048K, 1 young (2048K), 1 survivors (2048K)
 Metaspace       used 7568K, committed 7744K, reserved 1114112K
  class space    used 731K, committed 832K, reserved 1048576K
}
Event: 0.281 GC heap before
{Heap before GC invocations=2 (full 0):
 garbage-first heap   total 8192K, used 2962K [0x000000070a800000, 0x0000000800000000)
  region size 2048K, 2 young (4096K), 1 survivors (2048K)
 Metaspace       used 8582K, committed 8704K, reserved 1114112K
  class space    used 865K, committed 896K, reserved 1048576K
}
Event: 0.283 GC heap after
{Heap after GC invocations=3 (full 0):
 garbage-first heap   total 8192K, used 989K [0x000000070a800000, 0x0000000800000000)
  region size 2048K, 1 young (2048K), 1 survivors (2048K)
 Metaspace       used 8582K, committed 8704K, reserved 1114112K
  class space    used 865K, committed 896K, reserved 1048576K
}
Event: 0.329 GC heap before
{Heap before GC invocations=3 (full 0):
 garbage-first heap   total 8192K, used 3037K [0x000000070a800000, 0x0000000800000000)
  region size 2048K, 2 young (4096K), 1 survivors (2048K)
 Metaspace       used 9598K, committed 9728K, reserved 1114112K
  class space    used 1020K, committed 1088K, reserved 1048576K
}
Event: 0.331 GC heap after
{Heap after GC invocations=4 (full 0):
 garbage-first heap   total 8192K, used 1226K [0x000000070a800000, 0x0000000800000000)
  region size 2048K, 1 young (2048K), 1 survivors (2048K)
 Metaspace       used 9598K, committed 9728K, reserved 1114112K
  class space    used 1020K, committed 1088K, reserved 1048576K
}
Event: 0.357 GC heap before
{Heap before GC invocations=4 (full 0):
 garbage-first heap   total 8192K, used 3274K [0x000000070a800000, 0x0000000800000000)
  region size 2048K, 2 young (4096K), 1 survivors (2048K)
 Metaspace       used 10150K, committed 10304K, reserved 1114112K
  class space    used 1093K, committed 1152K, reserved 1048576K
}
Event: 0.359 GC heap after
{Heap after GC invocations=5 (full 0):
 garbage-first heap   total 10240K, used 1559K [0x000000070a800000, 0x0000000800000000)
  region size 2048K, 1 young (2048K), 1 survivors (2048K)
 Metaspace       used 10150K, committed 10304K, reserved 1114112K
  class space    used 1093K, committed 1152K, reserved 1048576K
}
Event: 0.387 GC heap before
{Heap before GC invocations=5 (full 0):
 garbage-first heap   total 10240K, used 1559K [0x000000070a800000, 0x0000000800000000)
  region size 2048K, 2 young (4096K), 1 survivors (2048K)
 Metaspace       used 10724K, committed 10880K, reserved 1114112K
  class space    used 1162K, committed 1216K, reserved 1048576K
}
Event: 0.389 GC heap after
{Heap after GC invocations=6 (full 0):
 garbage-first heap   total 10240K, used 1648K [0x000000070a800000, 0x0000000800000000)
  region size 2048K, 1 young (2048K), 1 survivors (2048K)
 Metaspace       used 10724K, committed 10880K, reserved 1114112K
  class space    used 1162K, committed 1216K, reserved 1048576K
}
Event: 0.418 GC heap before
{Heap before GC invocations=6 (full 0):
 garbage-first heap   total 10240K, used 3696K [0x000000070a800000, 0x0000000800000000)
  region size 2048K, 2 young (4096K), 1 survivors (2048K)
 Metaspace       used 11337K, committed 11456K, reserved 1114112K
  class space    used 1243K, committed 1280K, reserved 1048576K
}
Event: 0.419 GC heap after
{Heap after GC invocations=7 (full 0):
 garbage-first heap   total 10240K, used 1715K [0x000000070a800000, 0x0000000800000000)
  region size 2048K, 1 young (2048K), 1 survivors (2048K)
 Metaspace       used 11337K, committed 11456K, reserved 1114112K
  class space    used 1243K, committed 1280K, reserved 1048576K
}
Event: 0.438 GC heap before
{Heap before GC invocations=7 (full 0):
 garbage-first heap   total 10240K, used 3763K [0x000000070a800000, 0x0000000800000000)
  region size 2048K, 2 young (4096K), 1 survivors (2048K)
 Metaspace       used 11839K, committed 11968K, reserved 1114112K
  class space    used 1303K, committed 1344K, reserved 1048576K
}
Event: 0.440 GC heap after
{Heap after GC invocations=8 (full 0):
 garbage-first heap   total 10240K, used 1665K [0x000000070a800000, 0x0000000800000000)
  region size 2048K, 1 young (2048K), 1 survivors (2048K)
 Metaspace       used 11839K, committed 11968K, reserved 1114112K
  class space    used 1303K, committed 1344K, reserved 1048576K
}
Event: 0.488 GC heap before
{Heap before GC invocations=8 (full 0):
 garbage-first heap   total 10240K, used 3713K [0x000000070a800000, 0x0000000800000000)
  region size 2048K, 3 young (6144K), 1 survivors (2048K)
 Metaspace       used 12923K, committed 13056K, reserved 1114112K
  class space    used 1435K, committed 1472K, reserved 1048576K
}
Event: 0.490 GC heap after
{Heap after GC invocations=9 (full 0):
 garbage-first heap   total 18432K, used 2131K [0x000000070a800000, 0x0000000800000000)
  region size 2048K, 1 young (2048K), 1 survivors (2048K)
 Metaspace       used 12923K, committed 13056K, reserved 1114112K
  class space    used 1435K, committed 1472K, reserved 1048576K
}
Event: 0.718 GC heap before
{Heap before GC invocations=9 (full 0):
 garbage-first heap   total 18432K, used 8275K [0x000000070a800000, 0x0000000800000000)
  region size 2048K, 5 young (10240K), 1 survivors (2048K)
 Metaspace       used 16135K, committed 16256K, reserved 1114112K
  class space    used 1761K, committed 1792K, reserved 1048576K
}
Event: 0.722 GC heap after
{Heap after GC invocations=10 (full 0):
 garbage-first heap   total 18432K, used 3230K [0x000000070a800000, 0x0000000800000000)
  region size 2048K, 1 young (2048K), 1 survivors (2048K)
 Metaspace       used 16135K, committed 16256K, reserved 1114112K
  class space    used 1761K, committed 1792K, reserved 1048576K
}

Dll operation events (2 events):
Event: 0.009 Loaded shared library D:\Android\jbr\bin\java.dll
Event: 0.014 Loaded shared library D:\Android\jbr\bin\zip.dll

Deoptimization events (20 events):
Event: 0.201 Thread 0x00000154454f4d50 Uncommon trap: trap_request=0xfffffff4 fr.pc=0x00000154525bf254 relative=0x00000000000001b4
Event: 0.201 Thread 0x00000154454f4d50 Uncommon trap: reason=null_check action=make_not_entrant pc=0x00000154525bf254 method=java.lang.String.equals(Ljava/lang/Object;)Z @ 8 c2
Event: 0.201 Thread 0x00000154454f4d50 DEOPT PACKING pc=0x00000154525bf254 sp=0x00000031ed7fd990
Event: 0.201 Thread 0x00000154454f4d50 DEOPT UNPACKING pc=0x00000154520646a2 sp=0x00000031ed7fd928 mode 2
Event: 0.311 Thread 0x00000154454f4d50 DEOPT PACKING pc=0x000001544ab10c4c sp=0x00000031ed7fc9b0
Event: 0.311 Thread 0x00000154454f4d50 DEOPT UNPACKING pc=0x0000015452064e42 sp=0x00000031ed7fbdd0 mode 0
Event: 0.328 Thread 0x00000154454f4d50 DEOPT PACKING pc=0x000001544ab0fbcc sp=0x00000031ed7fa470
Event: 0.328 Thread 0x00000154454f4d50 DEOPT UNPACKING pc=0x0000015452064e42 sp=0x00000031ed7f98d8 mode 0
Event: 0.549 Thread 0x00000154454f4d50 Uncommon trap: trap_request=0xffffff45 fr.pc=0x00000154525dc994 relative=0x00000000000004b4
Event: 0.549 Thread 0x00000154454f4d50 Uncommon trap: reason=unstable_if action=reinterpret pc=0x00000154525dc994 method=java.lang.StringLatin1.replace([BCC)Ljava/lang/String; @ 19 c2
Event: 0.549 Thread 0x00000154454f4d50 DEOPT PACKING pc=0x00000154525dc994 sp=0x00000031ed7feaa0
Event: 0.549 Thread 0x00000154454f4d50 DEOPT UNPACKING pc=0x00000154520646a2 sp=0x00000031ed7fea20 mode 2
Event: 0.664 Thread 0x00000154454f4d50 Uncommon trap: trap_request=0xffffff45 fr.pc=0x00000154525db490 relative=0x0000000000000330
Event: 0.664 Thread 0x00000154454f4d50 Uncommon trap: reason=unstable_if action=reinterpret pc=0x00000154525db490 method=jdk.internal.jimage.ImageStringsReader.stringFromByteBufferMatches(Ljava/nio/ByteBuffer;ILjava/lang/String;I)I @ 48 c2
Event: 0.664 Thread 0x00000154454f4d50 DEOPT PACKING pc=0x00000154525db490 sp=0x00000031ed7fc1e0
Event: 0.664 Thread 0x00000154454f4d50 DEOPT UNPACKING pc=0x00000154520646a2 sp=0x00000031ed7fc158 mode 2
Event: 0.722 Thread 0x000001546198b8a0 Uncommon trap: trap_request=0xffffff45 fr.pc=0x00000154525ef860 relative=0x0000000000000040
Event: 0.722 Thread 0x000001546198b8a0 Uncommon trap: reason=unstable_if action=reinterpret pc=0x00000154525ef860 method=java.util.concurrent.locks.AbstractQueuedSynchronizer.signalNext(Ljava/util/concurrent/locks/AbstractQueuedSynchronizer$Node;)V @ 1 c2
Event: 0.722 Thread 0x000001546198b8a0 DEOPT PACKING pc=0x00000154525ef860 sp=0x00000031ee0ff5c0
Event: 0.722 Thread 0x000001546198b8a0 DEOPT UNPACKING pc=0x00000154520646a2 sp=0x00000031ee0ff550 mode 2

Classes loaded (20 events):
Event: 0.669 Loading class java/nio/file/DirectoryIteratorException
Event: 0.669 Loading class java/util/ConcurrentModificationException
Event: 0.669 Loading class java/util/ConcurrentModificationException done
Event: 0.669 Loading class java/nio/file/DirectoryIteratorException done
Event: 0.669 Loading class java/nio/file/FileTreeWalker$DirectoryNode
Event: 0.669 Loading class java/nio/file/FileTreeWalker$DirectoryNode done
Event: 0.669 Loading class java/nio/file/FileTreeWalker$Event
Event: 0.669 Loading class java/nio/file/FileTreeWalker$Event done
Event: 0.669 Loading class java/nio/file/FileTreeWalker$EventType
Event: 0.669 Loading class java/nio/file/FileTreeWalker$EventType done
Event: 0.670 Loading class java/nio/file/Files$3
Event: 0.670 Loading class java/nio/file/Files$3 done
Event: 0.670 Loading class java/nio/file/FileVisitResult
Event: 0.670 Loading class java/nio/file/FileVisitResult done
Event: 0.670 Loading class sun/nio/fs/BasicFileAttributesHolder
Event: 0.670 Loading class sun/nio/fs/BasicFileAttributesHolder done
Event: 0.695 Loading class java/util/ComparableTimSort
Event: 0.695 Loading class java/util/ComparableTimSort done
Event: 0.696 Loading class java/nio/file/FileTreeWalker$1
Event: 0.696 Loading class java/nio/file/FileTreeWalker$1 done

Classes unloaded (0 events):
No events

Classes redefined (0 events):
No events

Internal exceptions (20 events):
Event: 0.773 Thread 0x00000154454f4d50 Exception <a 'sun/nio/fs/WindowsException'{0x000000070b5ed430}> (0x000000070b5ed430) 
thrown [s\src\hotspot\share\prims\jni.cpp, line 537]
Event: 0.773 Thread 0x00000154454f4d50 Exception <a 'sun/nio/fs/WindowsException'{0x000000070b2025e8}> (0x000000070b2025e8) 
thrown [s\src\hotspot\share\prims\jni.cpp, line 537]
Event: 0.774 Thread 0x00000154454f4d50 Exception <a 'sun/nio/fs/WindowsException'{0x000000070b20e9b8}> (0x000000070b20e9b8) 
thrown [s\src\hotspot\share\prims\jni.cpp, line 537]
Event: 0.774 Thread 0x00000154454f4d50 Exception <a 'sun/nio/fs/WindowsException'{0x000000070b219098}> (0x000000070b219098) 
thrown [s\src\hotspot\share\prims\jni.cpp, line 537]
Event: 0.774 Thread 0x00000154454f4d50 Exception <a 'sun/nio/fs/WindowsException'{0x000000070b21f238}> (0x000000070b21f238) 
thrown [s\src\hotspot\share\prims\jni.cpp, line 537]
Event: 0.775 Thread 0x00000154454f4d50 Exception <a 'sun/nio/fs/WindowsException'{0x000000070b233938}> (0x000000070b233938) 
thrown [s\src\hotspot\share\prims\jni.cpp, line 537]
Event: 0.775 Thread 0x00000154454f4d50 Exception <a 'sun/nio/fs/WindowsException'{0x000000070b24d000}> (0x000000070b24d000) 
thrown [s\src\hotspot\share\prims\jni.cpp, line 537]
Event: 0.776 Thread 0x00000154454f4d50 Exception <a 'sun/nio/fs/WindowsException'{0x000000070b24fc08}> (0x000000070b24fc08) 
thrown [s\src\hotspot\share\prims\jni.cpp, line 537]
Event: 0.776 Thread 0x00000154454f4d50 Exception <a 'sun/nio/fs/WindowsException'{0x000000070b26d578}> (0x000000070b26d578) 
thrown [s\src\hotspot\share\prims\jni.cpp, line 537]
Event: 0.776 Thread 0x00000154454f4d50 Exception <a 'sun/nio/fs/WindowsException'{0x000000070b273868}> (0x000000070b273868) 
thrown [s\src\hotspot\share\prims\jni.cpp, line 537]
Event: 0.776 Thread 0x00000154454f4d50 Exception <a 'sun/nio/fs/WindowsException'{0x000000070b288eb8}> (0x000000070b288eb8) 
thrown [s\src\hotspot\share\prims\jni.cpp, line 537]
Event: 0.777 Thread 0x00000154454f4d50 Exception <a 'sun/nio/fs/WindowsException'{0x000000070b28ce18}> (0x000000070b28ce18) 
thrown [s\src\hotspot\share\prims\jni.cpp, line 537]
Event: 0.778 Thread 0x00000154454f4d50 Exception <a 'sun/nio/fs/WindowsException'{0x000000070b2c4d08}> (0x000000070b2c4d08) 
thrown [s\src\hotspot\share\prims\jni.cpp, line 537]
Event: 0.778 Thread 0x00000154454f4d50 Exception <a 'sun/nio/fs/WindowsException'{0x000000070b2ce030}> (0x000000070b2ce030) 
thrown [s\src\hotspot\share\prims\jni.cpp, line 537]
Event: 0.778 Thread 0x00000154454f4d50 Exception <a 'sun/nio/fs/WindowsException'{0x000000070b2d4770}> (0x000000070b2d4770) 
thrown [s\src\hotspot\share\prims\jni.cpp, line 537]
Event: 0.779 Thread 0x00000154454f4d50 Exception <a 'sun/nio/fs/WindowsException'{0x000000070b2d7498}> (0x000000070b2d7498) 
thrown [s\src\hotspot\share\prims\jni.cpp, line 537]
Event: 0.779 Thread 0x00000154454f4d50 Exception <a 'sun/nio/fs/WindowsException'{0x000000070b2db4f0}> (0x000000070b2db4f0) 
thrown [s\src\hotspot\share\prims\jni.cpp, line 537]
Event: 0.779 Thread 0x00000154454f4d50 Exception <a 'sun/nio/fs/WindowsException'{0x000000070b2e55a0}> (0x000000070b2e55a0) 
thrown [s\src\hotspot\share\prims\jni.cpp, line 537]
Event: 0.780 Thread 0x00000154454f4d50 Exception <a 'sun/nio/fs/WindowsException'{0x000000070b2f8080}> (0x000000070b2f8080) 
thrown [s\src\hotspot\share\prims\jni.cpp, line 537]
Event: 0.780 Thread 0x00000154454f4d50 Exception <a 'sun/nio/fs/WindowsException'{0x000000070b2fb5f8}> (0x000000070b2fb5f8) 
thrown [s\src\hotspot\share\prims\jni.cpp, line 537]

ZGC Phase Switch (0 events):
No events

VM Operations (20 events):
Event: 0.260 Executing VM operation: HandshakeAllThreads (Deoptimize)
Event: 0.260 Executing VM operation: HandshakeAllThreads (Deoptimize) done
Event: 0.281 Executing VM operation: G1CollectForAllocation (G1 Evacuation Pause)
Event: 0.283 Executing VM operation: G1CollectForAllocation (G1 Evacuation Pause) done
Event: 0.293 Executing VM operation: HandshakeAllThreads (Deoptimize)
Event: 0.293 Executing VM operation: HandshakeAllThreads (Deoptimize) done
Event: 0.329 Executing VM operation: G1CollectForAllocation (G1 Evacuation Pause)
Event: 0.331 Executing VM operation: G1CollectForAllocation (G1 Evacuation Pause) done
Event: 0.357 Executing VM operation: G1CollectForAllocation (G1 Evacuation Pause)
Event: 0.359 Executing VM operation: G1CollectForAllocation (G1 Evacuation Pause) done
Event: 0.387 Executing VM operation: G1CollectForAllocation (G1 Evacuation Pause)
Event: 0.389 Executing VM operation: G1CollectForAllocation (G1 Evacuation Pause) done
Event: 0.418 Executing VM operation: G1CollectForAllocation (G1 Evacuation Pause)
Event: 0.419 Executing VM operation: G1CollectForAllocation (G1 Evacuation Pause) done
Event: 0.438 Executing VM operation: G1CollectForAllocation (G1 Evacuation Pause)
Event: 0.440 Executing VM operation: G1CollectForAllocation (G1 Evacuation Pause) done
Event: 0.488 Executing VM operation: G1CollectForAllocation (G1 Evacuation Pause)
Event: 0.490 Executing VM operation: G1CollectForAllocation (G1 Evacuation Pause) done
Event: 0.718 Executing VM operation: G1CollectForAllocation (G1 Evacuation Pause)
Event: 0.722 Executing VM operation: G1CollectForAllocation (G1 Evacuation Pause) done

Memory protections (0 events):
No events

Nmethod flushes (0 events):
No events

Events (16 events):
Event: 0.013 Thread 0x00000154454f4d50 Thread added: 0x00000154454f4d50
Event: 0.055 Thread 0x00000154454f4d50 Thread added: 0x0000015461ab8070
Event: 0.061 Thread 0x00000154454f4d50 Thread added: 0x000001546198b8a0
Event: 0.061 Thread 0x00000154454f4d50 Thread added: 0x000001546198dbb0
Event: 0.062 Thread 0x00000154454f4d50 Thread added: 0x0000015461af7080
Event: 0.062 Thread 0x00000154454f4d50 Thread added: 0x0000015461af7ae0
Event: 0.062 Thread 0x00000154454f4d50 Thread added: 0x0000015461af8540
Event: 0.062 Thread 0x00000154454f4d50 Thread added: 0x0000015461af8fa0
Event: 0.062 Thread 0x00000154454f4d50 Thread added: 0x0000015461afbe20
Event: 0.063 Thread 0x00000154454f4d50 Thread added: 0x0000015461b03490
Event: 0.137 Thread 0x00000154454f4d50 Thread added: 0x0000015461da6eb0
Event: 0.145 Loaded shared library D:\Android\jbr\bin\jimage.dll
Event: 0.153 Loaded shared library D:\Android\jbr\bin\zip.dll
Event: 0.266 Loaded shared library D:\Android\jbr\bin\net.dll
Event: 0.268 Loaded shared library D:\Android\jbr\bin\nio.dll
Event: 0.723 Thread 0x0000015461b03490 Thread added: 0x0000015461b01950


Dynamic libraries:
0x00007ff7b3040000 - 0x00007ff7b3048000 	D:\Android\jbr\bin\javac.exe
0x00007fffa33a0000 - 0x00007fffa3607000 	C:\Windows\SYSTEM32\ntdll.dll
0x00007fffa1c60000 - 0x00007fffa1d29000 	C:\Windows\System32\KERNEL32.DLL
0x00007fffa04f0000 - 0x00007fffa08df000 	C:\Windows\System32\KERNELBASE.dll
0x00007fffa0a50000 - 0x00007fffa0b9b000 	C:\Windows\System32\ucrtbase.dll
0x00007fff9b3a0000 - 0x00007fff9b3bb000 	D:\Android\jbr\bin\VCRUNTIME140.dll
0x00007fff5f7b0000 - 0x00007fff5f7c8000 	D:\Android\jbr\bin\jli.dll
0x00007fffa1a90000 - 0x00007fffa1c55000 	C:\Windows\System32\USER32.dll
0x00007fffa0ba0000 - 0x00007fffa0bc7000 	C:\Windows\System32\win32u.dll
0x00007fff83e40000 - 0x00007fff840d3000 	C:\Windows\WinSxS\amd64_microsoft.windows.common-controls_6595b64144ccf1df_6.0.26100.7309_none_3e05feeae336a044\COMCTL32.dll
0x00007fffa1a50000 - 0x00007fffa1a7b000 	C:\Windows\System32\GDI32.dll
0x00007fffa2740000 - 0x00007fffa27e9000 	C:\Windows\System32\msvcrt.dll
0x00007fffa0ec0000 - 0x00007fffa0fec000 	C:\Windows\System32\gdi32full.dll
0x00007fffa09a0000 - 0x00007fffa0a43000 	C:\Windows\System32\msvcp_win.dll
0x00007fffa1580000 - 0x00007fffa15b1000 	C:\Windows\System32\IMM32.DLL
0x00007fff9b990000 - 0x00007fff9b99c000 	D:\Android\jbr\bin\vcruntime140_1.dll
0x00007fff56dc0000 - 0x00007fff56e4d000 	D:\Android\jbr\bin\msvcp140.dll
0x00007fff4c9e0000 - 0x00007fff4d676000 	D:\Android\jbr\bin\server\jvm.dll
0x00007fffa1700000 - 0x00007fffa17b4000 	C:\Windows\System32\ADVAPI32.dll
0x00007fffa1650000 - 0x00007fffa16f6000 	C:\Windows\System32\sechost.dll
0x00007fffa2bd0000 - 0x00007fffa2ce8000 	C:\Windows\System32\RPCRT4.dll
0x00007fffa2520000 - 0x00007fffa2594000 	C:\Windows\System32\WS2_32.dll
0x00007fffa0370000 - 0x00007fffa03ce000 	C:\Windows\SYSTEM32\POWRPROF.dll
0x00007fff98ae0000 - 0x00007fff98aeb000 	C:\Windows\SYSTEM32\VERSION.dll
0x00007fff98450000 - 0x00007fff98485000 	C:\Windows\SYSTEM32\WINMM.dll
0x00007fffa0330000 - 0x00007fffa0344000 	C:\Windows\SYSTEM32\UMPDC.dll
0x00007fff9f2a0000 - 0x00007fff9f2bb000 	C:\Windows\SYSTEM32\kernel.appcore.dll
0x00007fff9b390000 - 0x00007fff9b39a000 	D:\Android\jbr\bin\jimage.dll
0x00007fff92170000 - 0x00007fff923b2000 	C:\Windows\SYSTEM32\DBGHELP.DLL
0x00007fffa2840000 - 0x00007fffa2bc6000 	C:\Windows\System32\combase.dll
0x00007fffa1140000 - 0x00007fffa1216000 	C:\Windows\System32\OLEAUT32.dll
0x00007fff7ea70000 - 0x00007fff7eaac000 	C:\Windows\SYSTEM32\dbgcore.DLL
0x00007fffa08f0000 - 0x00007fffa0995000 	C:\Windows\System32\bcryptPrimitives.dll
0x00007fff99380000 - 0x00007fff993a0000 	D:\Android\jbr\bin\java.dll
0x00007fff94450000 - 0x00007fff94468000 	D:\Android\jbr\bin\zip.dll
0x00007fffa1d30000 - 0x00007fffa2483000 	C:\Windows\System32\SHELL32.dll
0x00007fffa0d50000 - 0x00007fffa0eba000 	C:\Windows\System32\wintypes.dll
0x00007fff9e0c0000 - 0x00007fff9e91e000 	C:\Windows\SYSTEM32\windows.storage.dll
0x00007fffa18d0000 - 0x00007fffa19c5000 	C:\Windows\System32\SHCORE.dll
0x00007fffa24b0000 - 0x00007fffa2516000 	C:\Windows\System32\shlwapi.dll
0x00007fffa0410000 - 0x00007fffa0439000 	C:\Windows\SYSTEM32\profapi.dll
0x00007fff99370000 - 0x00007fff99380000 	D:\Android\jbr\bin\net.dll
0x00007fff9a7a0000 - 0x00007fff9a8c8000 	C:\Windows\SYSTEM32\WINHTTP.dll
0x00007fff9f810000 - 0x00007fff9f87b000 	C:\Windows\system32\mswsock.dll
0x00007fff94430000 - 0x00007fff94446000 	D:\Android\jbr\bin\nio.dll

JVMTI agents: none

dbghelp: loaded successfully - version: 4.0.5 - missing functions: none
symbol engine: initialized successfully - sym options: 0x614 - pdb path: .;D:\Android\jbr\bin;C:\Windows\SYSTEM32;C:\Windows\WinSxS\amd64_microsoft.windows.common-controls_6595b64144ccf1df_6.0.26100.7309_none_3e05feeae336a044;D:\Android\jbr\bin\server

VM Arguments:
jvm_args: -Dapplication.home=D:\Android\jbr --add-modules=ALL-DEFAULT -Xms8m -Djdk.module.main=jdk.compiler 
java_command: jdk.compiler/com.sun.tools.javac.Main --system=none --patch-module=java.base=D:\android_sdk\platforms\android-35\core-for-system-modules.jar -d C:\Users\Shivam Ujala\.gradle\caches\9.1.0\transforms\16882b6daeb6d208bb79660dee2fdeeb\workspace\transformed\output\temp C:\Users\Shivam Ujala\.gradle\caches\9.1.0\transforms\16882b6daeb6d208bb79660dee2fdeeb\workspace\transformed\output\temp\module-info.java
java_class_path (initial): <not set>
Launcher Type: SUN_STANDARD

[Global flags]
     intx CICompilerCount                          = 4                                         {product} {ergonomic}
     uint ConcGCThreads                            = 3                                         {product} {ergonomic}
     uint G1ConcRefinementThreads                  = 10                                        {product} {ergonomic}
   size_t G1HeapRegionSize                         = 2097152                                   {product} {ergonomic}
    uintx GCDrainStackTargetSize                   = 64                                        {product} {ergonomic}
   size_t InitialHeapSize                          = 8388608                                   {product} {command line}
   size_t MarkStackSize                            = 4194304                                   {product} {ergonomic}
   size_t MaxHeapSize                              = 4118806528                                {product} {ergonomic}
   size_t MaxNewSize                               = 2470445056                                {product} {ergonomic}
   size_t MinHeapDeltaBytes                        = 2097152                                   {product} {ergonomic}
   size_t MinHeapSize                              = 8388608                                   {product} {command line}
    uintx NonNMethodCodeHeapSize                   = 5839372                                {pd product} {ergonomic}
    uintx NonProfiledCodeHeapSize                  = 122909434                              {pd product} {ergonomic}
    uintx ProfiledCodeHeapSize                     = 122909434                              {pd product} {ergonomic}
    uintx ReservedCodeCacheSize                    = 251658240                              {pd product} {ergonomic}
     bool SegmentedCodeCache                       = true                                      {product} {ergonomic}
   size_t SoftMaxHeapSize                          = 4118806528                             {manageable} {ergonomic}
     bool UseCompressedOops                        = true                           {product lp64_product} {ergonomic}
     bool UseG1GC                                  = true                                      {product} {ergonomic}
     bool UseLargePagesIndividualAllocation        = false                                  {pd product} {ergonomic}

Logging:
Log output configuration:
 #0: stdout all=warning uptime,level,tags foldmultilines=false
 #1: stderr all=off uptime,level,tags foldmultilines=false

Environment Variables:
PATH=C:\Program Files\Common Files\Oracle\Java\javapath;C:\Program Files (x86)\Common Files\Oracle\Java\java8path;C:\Program Files (x86)\Common Files\Oracle\Java\javapath;C:\Windows\system32;C:\Windows;C:\Windows\System32\Wbem;C:\Windows\System32\WindowsPowerShell\v1.0\;C:\Windows\System32\OpenSSH\;C:\Program Files (x86)\NVIDIA Corporation\PhysX\Common;C:\Program Files (x86)\Java\jre1.8.0_451\bin;C:\MinGW\bin;C:\ProgramData\anaconda3\Lib;C:\ProgramData\anaconda3\Scripts;C:\ProgramData\anaconda3;C:\ProgramData\anaconda3\Library\bin;C:\ffmpeg\bin;C:\chromedriver-win64\chromedriver.exe;C:\Program Files\dotnet\;C:\src\flutter\bin;C:\ProgramData\chocolatey\bin;C:\platform-tools;C:\Program Files\nodejs\;C:\Program Files\MongoDB\Server\8.2\bin;C:\Program Files\NVIDIA Corporation\Nsight Compute 2020.3.0\;C:\Program Files\Git\cmd;C:\xampp\php;C:\Users\Shivam Ujala\AppData\Local\Programs\Python\Python310\Scripts\;C:\Users\Shivam Ujala\AppData\Local\Programs\Python\Python310\;C:\Users\Shivam Ujala\AppData\Local\Programs\Python\Python313\Scripts\;C:\Users\Shivam Ujala\AppData\Local\Programs\Python\Python313\;C:\Users\Shivam Ujala\AppData\Local\Microsoft\WindowsApps;C:\Users\Shivam Ujala\AppData\Local\Programs\Microsoft VS Code\bin;%IntelliJ IDEA%;%IntelliJ IDEA Community Edition%;C:\Users\Shivam Ujala\.dotnet\tools;C:\tools\dart-sdk\bin;C:\Users\Shivam Ujala\AppData\Local\Pub\Cache\bin;C:\platform-tools;C:\Users\Shivam Ujala\AppData\Roaming\npm;C:\Users\Shivam Ujala\AppData\Local\Python\bin;C:\Users\Shivam Ujala\AppData\Local\Programs\mongosh\
USERNAME=Shivam Ujala
OS=Windows_NT
PROCESSOR_IDENTIFIER=AMD64 Family 25 Model 80 Stepping 0, AuthenticAMD
TMP=C:\Users\SHIVAM~1\AppData\Local\Temp
TEMP=C:\Users\SHIVAM~1\AppData\Local\Temp




Periodic native trim disabled

JNI global refs:
JNI global refs: 8, weak refs: 0

JNI global refs memory usage: 835, weak refs: 833

Process memory usage:
Resident Set Size: 82252K (0% of 16087140K total physical memory with 1279292K free physical memory)

OOME stack traces (most recent first):
Classloader memory used:
Loader bootstrap                                                                       : 9617K
Loader jdk.internal.loader.ClassLoaders$AppClassLoader                                 : 6476K
Loader jdk.internal.loader.ClassLoaders$PlatformClassLoader                            : 452K

---------------  S Y S T E M  ---------------

OS:
 Windows 11 , 64 bit Build 26100 (10.0.26100.7623)
OS uptime: 0 days 16:54 hours
Hyper-V role detected

CPU: total 12 (initial active 12) (12 cores per cpu, 2 threads per core) family 25 model 80 stepping 0 microcode 0xa500014, cx8, cmov, fxsr, ht, mmx, 3dnowpref, sse, sse2, sse3, ssse3, sse4a, sse4.1, sse4.2, popcnt, lzcnt, tsc, tscinvbit, avx, avx2, aes, erms, clmul, bmi1, bmi2, adx, sha, fma, vzeroupper, clflush, clflushopt, hv, rdtscp, rdpid, fsrm, f16c, cet_ss
Processor Information for the first 12 processors :
  Max Mhz: 3301, Current Mhz: 3301, Mhz Limit: 3301

Memory: 4k page, system-wide physical 15710M (1249M free)
TotalPageFile size 25326M (AvailPageFile size 7M)
current process WorkingSet (physical memory assigned to process): 80M, peak: 80M
current process commit charge ("private bytes"): 116M, peak: 117M

vm_info: OpenJDK 64-Bit Server VM (21.0.8+-14196175-b1038.72) for windows-amd64 JRE (21.0.8+-14196175-b1038.72), built on 2025-10-01T10:24:33Z by "builder" with MS VC++ 16.10 / 16.11 (VS2019)

END.
